<?xml version="1.0" encoding="UTF-8"?>
<!-- Generated by org.testng.reporters.JUnitReportReporter -->
<testsuite skipped="0" hostname="DESKTOP-7QKE979" name="testNGPractise.Practise_01" tests="1" failures="0" timestamp="20 Sep 2018 13:40:38 GMT" time="0.009" errors="0">
  <testcase name="FunctionalTest" time="0.009" classname="testNGPractise.Practise_01"/>
</testsuite> <!-- testNGPractise.Practise_01 -->
