<?xml version="1.0" encoding="UTF-8"?>
<!-- Generated by org.testng.reporters.JUnitReportReporter -->
<testsuite skipped="0" hostname="DESKTOP-7QKE979" name="testNGPractise.NewTest" tests="2" failures="0" timestamp="20 Sep 2018 13:42:47 GMT" time="32.530" errors="0">
  <testcase name="openFacebook" time="19.653" classname="testNGPractise.NewTest"/>
  <testcase name="openInstagram" time="12.877" classname="testNGPractise.NewTest"/>
</testsuite> <!-- testNGPractise.NewTest -->
