<?xml version="1.0" encoding="UTF-8"?>
<!-- Generated by org.testng.reporters.JUnitReportReporter -->
<testsuite skipped="0" hostname="DESKTOP-7QKE979" name="testNGPractise.Practise_02" tests="1" failures="0" timestamp="20 Sep 2018 13:50:57 GMT" time="8.982" errors="0">
  <testcase name="openFacebook" time="8.982" classname="testNGPractise.Practise_02"/>
</testsuite> <!-- testNGPractise.Practise_02 -->
